<?xml version="1.0" encoding="UTF-8"?>
<testsuite xmlns:xsi="http://www.w3.org/2001/XMLSchema-instance" xsi:noNamespaceSchemaLocation="https://maven.apache.org/surefire/maven-surefire-plugin/xsd/surefire-test-report.xsd" version="3.0.2" name="cn.xiaohai.xlemonwifi.XLemonWifiControllerApplicationTests" time="2.442" tests="1" errors="0" skipped="0" failures="0">
  <properties>
[...]
</properties>
  <testcase name="contextLoads" classname="cn.xiaohai.xlemonwifi.XLemonWifiControllerApplicationTests" time="0.547">
    <system-out><![CDATA[03:30:34.226 [main] INFO org.springframework.test.context.support.AnnotationConfigContextLoaderUtils -- Could not detect default configuration classes for test class [cn.xiaohai.xlemonwifi.XLemonWifiControllerApplicationTests]: XLemonWifiControllerApplicationTests does not declare any static, non-private, non-final, nested classes annotated with @Configuration.
03:30:34.307 [main] INFO org.springframework.boot.test.context.SpringBootTestContextBootstrapper -- Found @SpringBootConfiguration cn.xiaohai.xlemonwifi.XLemonWifiApplication for test class cn.xiaohai.xlemonwifi.XLemonWifiControllerApplicationTests

  .   ____          _            __ _ _
 /\\ / ___'_ __ _ _(_)_ __  __ _ \ \ \ \
( ( )\___ | '_ | '_| | '_ \/ _` | \ \ \ \
 \\/  ___)| |_)| | | | | || (_| |  ) ) ) )
  '  |____| .__|_| |_|_| |_\__, | / / / /
 =========|_|==============|___/=/_/_/_/

 :: Spring Boot ::                (v3.4.4)

2025-04-12T03:30:34.668+08:00  INFO 74500 --- [XLemonWifi] [           main] x.x.XLemonWifiControllerApplicationTests : Starting XLemonWifiControllerApplicationTests using Java 17.0.14 with PID 74500 (started by 31865 in C:\Users\31865\Documents\Sakura\JavaProjects\XLemonWifi)
2025-04-12T03:30:34.670+08:00  INFO 74500 --- [XLemonWifi] [           main] x.x.XLemonWifiControllerApplicationTests : No active profile set, falling back to 1 default profile: "default"
2025-04-12T03:30:35.969+08:00  INFO 74500 --- [XLemonWifi] [           main] x.x.XLemonWifiControllerApplicationTests : Started XLemonWifiControllerApplicationTests in 1.52 seconds (process running for 2.272)
]]></system-out>
  </testcase>
</testsuite>